#
# A fatal error has been detected by the Java Runtime Environment:
#
#  Internal Error (safepoint.cpp:687), pid=16432, tid=9844
#  fatal error: Deadlock in safepoint code.  Should have called back to the VM before blocking.
#
# JRE version: Java(TM) SE Runtime Environment (8.0_60-b27) (build 1.8.0_60-b27)
# Java VM: Java HotSpot(TM) 64-Bit Server VM (25.60-b23 mixed mode windows-amd64 compressed oops)
# Failed to write core dump. Minidumps are not enabled by default on client versions of Windows
#
# If you would like to submit a bug report, please visit:
#   http://bugreport.java.com/bugreport/crash.jsp
#

---------------  T H R E A D  ---------------

Current thread (0x000000001e305800):  JavaThread "JDWP Command Reader" daemon [_thread_in_native_trans, id=9844, stack(0x000000001eae0000,0x000000001ebe0000)]

Stack: [0x000000001eae0000,0x000000001ebe0000]
[error occurred during error reporting (printing stack bounds), id 0xc0000005]

Native frames: (J=compiled Java code, j=interpreted, Vv=VM code, C=native code)


---------------  P R O C E S S  ---------------

Java Threads: ( => current thread )
  0x00000000261dc800 JavaThread "Watchdog-Timer-1" daemon [_thread_blocked, id=15976, stack(0x000000002ba60000,0x000000002bb60000)]
  0x00000000261aa800 JavaThread "FX Access Thread (Visual Debugger)" daemon [_thread_blocked, id=5088, stack(0x00000000283f0000,0x00000000284f0000)]
  0x000000001f8e7000 JavaThread "Disposer" daemon [_thread_blocked, id=9164, stack(0x0000000027ef0000,0x0000000027ff0000)]
  0x000000001f436000 JavaThread "Prism Font Disposer" daemon [_thread_blocked, id=15680, stack(0x0000000025a70000,0x0000000025b70000)]
  0x000000001f356800 JavaThread "Thread-3" daemon [_thread_in_native, id=16776, stack(0x00000000244b0000,0x00000000245b0000)]
  0x000000001f30c000 JavaThread "Thread-1" daemon [_thread_blocked, id=1988, stack(0x000000001fc20000,0x000000001fd20000)]
  0x000000001f288000 JavaThread "QuantumRenderer-0" daemon [_thread_in_native, id=13408, stack(0x000000001f9e0000,0x000000001fae0000)]
  0x000000001e3a8800 JavaThread "Service Thread" daemon [_thread_blocked, id=11468, stack(0x000000001efe0000,0x000000001f0e0000)]
  0x000000001e31f000 JavaThread "C1 CompilerThread3" daemon [_thread_blocked, id=7068, stack(0x000000001eee0000,0x000000001efe0000)]
  0x000000001e31c000 JavaThread "C2 CompilerThread2" daemon [_thread_blocked, id=5760, stack(0x000000001ede0000,0x000000001eee0000)]
  0x000000001e31b800 JavaThread "C2 CompilerThread1" daemon [_thread_blocked, id=12412, stack(0x000000001ece0000,0x000000001ede0000)]
  0x000000001e313800 JavaThread "C2 CompilerThread0" daemon [_thread_in_native, id=12084, stack(0x000000001ebe0000,0x000000001ece0000)]
=>0x000000001e305800 JavaThread "JDWP Command Reader" daemon [_thread_in_native_trans, id=9844, stack(0x000000001eae0000,0x000000001ebe0000)]
  0x000000001e300800 JavaThread "JDWP Event Helper Thread" daemon [_thread_blocked, id=16796, stack(0x000000001e9e0000,0x000000001eae0000)]
  0x000000001e2f1000 JavaThread "JDWP Transport Listener: dt_shmem" daemon [_thread_in_vm, id=10172, stack(0x000000001e8e0000,0x000000001e9e0000)]
  0x000000001e2ea800 JavaThread "Attach Listener" daemon [_thread_blocked, id=16752, stack(0x000000001e7c0000,0x000000001e8c0000)]
  0x00000000027ab000 JavaThread "Finalizer" daemon [_thread_blocked, id=12920, stack(0x000000001e0c0000,0x000000001e1c0000)]
  0x00000000027a4800 JavaThread "Reference Handler" daemon [_thread_blocked, id=12332, stack(0x000000001dfc0000,0x000000001e0c0000)]

Other Threads:
  0x000000001c1ea800 VMThread [stack: 0x000000001dec0000,0x000000001dfc0000] [id=15712]

VM state:synchronizing (normal execution)

VM Mutex/Monitor currently owned by a thread:  ([mutex/lock_event])
[0x0000000000ccd5b0] Threads_lock - owner thread: 0x000000001c1ea800
[0x00000000026b04d0] Heap_lock - owner thread: 0x00000000261d8000

Heap:
 PSYoungGen      total 75776K, used 20146K [0x000000076b580000, 0x0000000774980000, 0x00000007c0000000)
  eden space 65024K, 30% used [0x000000076b580000,0x000000076c92c860,0x000000076f500000)
  from space 10752K, 0% used [0x000000076ff80000,0x000000076ff80000,0x0000000770a00000)
  to   space 10752K, 0% used [0x000000076f500000,0x000000076f500000,0x000000076ff80000)
 ParOldGen       total 112128K, used 10737K [0x00000006c2000000, 0x00000006c8d80000, 0x000000076b580000)
  object space 112128K, 9% used [0x00000006c2000000,0x00000006c2a7c760,0x00000006c8d80000)
 Metaspace       used 21061K, capacity 22478K, committed 22528K, reserved 1069056K
  class space    used 3071K, capacity 3324K, committed 3328K, reserved 1048576K

Card table byte_map: [0x0000000011b70000,0x0000000012370000] byte_map_base: 0x000000000e560000

Marking Bits: (ParMarkBitMap*) 0x000000006ff7a5b0
 Begin Bits: [0x00000000130c0000, 0x0000000017040000)
 End Bits:   [0x0000000017040000, 0x000000001afc0000)

Polling page: 0x0000000000cb0000

CodeCache: size=245760Kb used=9856Kb max_used=9868Kb free=235903Kb
 bounds [0x00000000027b0000, 0x0000000003160000, 0x00000000117b0000]
 total_blobs=3783 nmethods=3044 adapters=658
 compilation: enabled

Compilation events (10 events):
Event: 14.669 Thread 0x000000001e31f000 nmethod 3050 0x00000000031531d0 code [0x0000000003153360, 0x00000000031536a8]
Event: 14.669 Thread 0x000000001e31f000 3047       3       com.sun.javafx.css.PseudoClassState::remove (6 bytes)
Event: 14.669 Thread 0x000000001e31f000 nmethod 3047 0x0000000003150190 code [0x0000000003150300, 0x00000000031504a8]
Event: 14.670 Thread 0x000000001e31b800 nmethod 3051 0x0000000003156490 code [0x00000000031565e0, 0x0000000003156688]
Event: 14.670 Thread 0x000000001e313800 3053       4       jdk.internal.org.objectweb.asm.Item::isEqualTo (354 bytes)
Event: 14.675 Thread 0x000000001e31f000 3054       3       java.lang.invoke.DirectMethodHandle::shouldBeInitialized (123 bytes)
Event: 14.676 Thread 0x000000001e31f000 nmethod 3054 0x0000000003155a10 code [0x0000000003155be0, 0x0000000003156328]
Event: 14.677 Thread 0x000000001e31f000 3055       3       java.lang.Class::checkMemberAccess (49 bytes)
Event: 14.678 Thread 0x000000001e31f000 nmethod 3055 0x0000000003155110 code [0x00000000031552a0, 0x0000000003155838]
Event: 14.682 Thread 0x000000001e31c000 nmethod 3052 0x0000000003158450 code [0x00000000031585c0, 0x0000000003158b58]

GC Heap History (6 events):
Event: 2.545 GC heap before
{Heap before GC invocations=1 (full 0):
 PSYoungGen      total 75776K, used 65024K [0x000000076b580000, 0x0000000770a00000, 0x00000007c0000000)
  eden space 65024K, 100% used [0x000000076b580000,0x000000076f500000,0x000000076f500000)
  from space 10752K, 0% used [0x000000076ff80000,0x000000076ff80000,0x0000000770a00000)
  to   space 10752K, 0% used [0x000000076f500000,0x000000076f500000,0x000000076ff80000)
 ParOldGen       total 173568K, used 0K [0x00000006c2000000, 0x00000006cc980000, 0x000000076b580000)
  object space 173568K, 0% used [0x00000006c2000000,0x00000006c2000000,0x00000006cc980000)
 Metaspace       used 18901K, capacity 20154K, committed 20352K, reserved 1067008K
  class space    used 2852K, capacity 3098K, committed 3200K, reserved 1048576K
Event: 2.559 GC heap after
Heap after GC invocations=1 (full 0):
 PSYoungGen      total 75776K, used 10226K [0x000000076b580000, 0x0000000770a00000, 0x00000007c0000000)
  eden space 65024K, 0% used [0x000000076b580000,0x000000076b580000,0x000000076f500000)
  from space 10752K, 95% used [0x000000076f500000,0x000000076fefcb18,0x000000076ff80000)
  to   space 10752K, 0% used [0x000000076ff80000,0x000000076ff80000,0x0000000770a00000)
 ParOldGen       total 173568K, used 16K [0x00000006c2000000, 0x00000006cc980000, 0x000000076b580000)
  object space 173568K, 0% used [0x00000006c2000000,0x00000006c2004000,0x00000006cc980000)
 Metaspace       used 18901K, capacity 20154K, committed 20352K, reserved 1067008K
  class space    used 2852K, capacity 3098K, committed 3200K, reserved 1048576K
}
Event: 2.901 GC heap before
{Heap before GC invocations=2 (full 0):
 PSYoungGen      total 75776K, used 16840K [0x000000076b580000, 0x0000000770a00000, 0x00000007c0000000)
  eden space 65024K, 10% used [0x000000076b580000,0x000000076bbf5520,0x000000076f500000)
  from space 10752K, 95% used [0x000000076f500000,0x000000076fefcb18,0x000000076ff80000)
  to   space 10752K, 0% used [0x000000076ff80000,0x000000076ff80000,0x0000000770a00000)
 ParOldGen       total 173568K, used 16K [0x00000006c2000000, 0x00000006cc980000, 0x000000076b580000)
  object space 173568K, 0% used [0x00000006c2000000,0x00000006c2004000,0x00000006cc980000)
 Metaspace       used 19813K, capacity 21134K, committed 21296K, reserved 1067008K
  class space    used 2950K, capacity 3196K, committed 3200K, reserved 1048576K
Event: 2.916 GC heap after
Heap after GC invocations=2 (full 0):
 PSYoungGen      total 75776K, used 10737K [0x000000076b580000, 0x0000000774980000, 0x00000007c0000000)
  eden space 65024K, 0% used [0x000000076b580000,0x000000076b580000,0x000000076f500000)
  from space 10752K, 99% used [0x000000076ff80000,0x00000007709fc6f0,0x0000000770a00000)
  to   space 10752K, 0% used [0x000000076f500000,0x000000076f500000,0x000000076ff80000)
 ParOldGen       total 173568K, used 112K [0x00000006c2000000, 0x00000006cc980000, 0x000000076b580000)
  object space 173568K, 0% used [0x00000006c2000000,0x00000006c201c000,0x00000006cc980000)
 Metaspace       used 19813K, capacity 21134K, committed 21296K, reserved 1067008K
  class space    used 2950K, capacity 3196K, committed 3200K, reserved 1048576K
}
Event: 2.916 GC heap before
{Heap before GC invocations=3 (full 1):
 PSYoungGen      total 75776K, used 10737K [0x000000076b580000, 0x0000000774980000, 0x00000007c0000000)
  eden space 65024K, 0% used [0x000000076b580000,0x000000076b580000,0x000000076f500000)
  from space 10752K, 99% used [0x000000076ff80000,0x00000007709fc6f0,0x0000000770a00000)
  to   space 10752K, 0% used [0x000000076f500000,0x000000076f500000,0x000000076ff80000)
 ParOldGen       total 173568K, used 112K [0x00000006c2000000, 0x00000006cc980000, 0x000000076b580000)
  object space 173568K, 0% used [0x00000006c2000000,0x00000006c201c000,0x00000006cc980000)
 Metaspace       used 19813K, capacity 21134K, committed 21296K, reserved 1067008K
  class space    used 2950K, capacity 3196K, committed 3200K, reserved 1048576K
Event: 2.994 GC heap after
Heap after GC invocations=3 (full 1):
 PSYoungGen      total 75776K, used 0K [0x000000076b580000, 0x0000000774980000, 0x00000007c0000000)
  eden space 65024K, 0% used [0x000000076b580000,0x000000076b580000,0x000000076f500000)
  from space 10752K, 0% used [0x000000076ff80000,0x000000076ff80000,0x0000000770a00000)
  to   space 10752K, 0% used [0x000000076f500000,0x000000076f500000,0x000000076ff80000)
 ParOldGen       total 112128K, used 10737K [0x00000006c2000000, 0x00000006c8d80000, 0x000000076b580000)
  object space 112128K, 9% used [0x00000006c2000000,0x00000006c2a7c760,0x00000006c8d80000)
 Metaspace       used 19802K, capacity 21108K, committed 21296K, reserved 1067008K
  class space    used 2946K, capacity 3189K, committed 3200K, reserved 1048576K
}

Deoptimization events (10 events):
Event: 3.333 Thread 0x000000001f288000 Uncommon trap: reason=unstable_if action=reinterpret pc=0x0000000002fa0d98 method=com.sun.javafx.text.TextRun.getPosX(I)F @ 46
Event: 4.217 Thread 0x000000001f288000 Uncommon trap: reason=class_check action=maybe_recompile pc=0x0000000002e23778 method=java.util.WeakHashMap.eq(Ljava/lang/Object;Ljava/lang/Object;)Z @ 7
Event: 4.225 Thread 0x000000001f288000 Uncommon trap: reason=unstable_if action=reinterpret pc=0x0000000002fa459c method=java.lang.Math.round(F)I @ 36
Event: 4.248 Thread 0x000000001f288000 Uncommon trap: reason=class_check action=maybe_recompile pc=0x0000000002e23778 method=java.util.WeakHashMap.eq(Ljava/lang/Object;Ljava/lang/Object;)Z @ 7
Event: 4.248 Thread 0x000000001f288000 Uncommon trap: reason=class_check action=maybe_recompile pc=0x0000000002e23778 method=java.util.WeakHashMap.eq(Ljava/lang/Object;Ljava/lang/Object;)Z @ 7
Event: 4.255 Thread 0x000000001f288000 Uncommon trap: reason=class_check action=maybe_recompile pc=0x0000000002e23778 method=java.util.WeakHashMap.eq(Ljava/lang/Object;Ljava/lang/Object;)Z @ 7
Event: 4.354 Thread 0x000000001f288000 Uncommon trap: reason=class_check action=maybe_recompile pc=0x00000000030512f4 method=com.sun.javafx.geom.Path2D$TxIterator.currentSegment([F)I @ 40
Event: 4.355 Thread 0x000000001f288000 Uncommon trap: reason=class_check action=maybe_recompile pc=0x00000000030512f4 method=com.sun.javafx.geom.Path2D$TxIterator.currentSegment([F)I @ 40
Event: 4.355 Thread 0x000000001f288000 Uncommon trap: reason=class_check action=maybe_recompile pc=0x00000000030512f4 method=com.sun.javafx.geom.Path2D$TxIterator.currentSegment([F)I @ 40
Event: 4.355 Thread 0x000000001f288000 Uncommon trap: reason=class_check action=maybe_recompile pc=0x00000000030512f4 method=com.sun.javafx.geom.Path2D$TxIterator.currentSegment([F)I @ 40

Internal exceptions (10 events):
Event: 1.731 Thread 0x000000001f2e7800 Exception <a 'sun/nio/fs/WindowsException'> (0x000000076e13bb98) thrown at [C:\re\workspace\8-2-build-windows-amd64-cygwin\jdk8u60\4407\hotspot\src\share\vm\prims\jni.cpp, line 709]
Event: 2.344 Thread 0x000000001f2e7800 Implicit null exception at 0x0000000002d37b18 to 0x0000000002d3e799
Event: 3.158 Thread 0x000000001f2e7800 Exception <a 'java/io/FileNotFoundException'> (0x000000076bae3e00) thrown at [C:\re\workspace\8-2-build-windows-amd64-cygwin\jdk8u60\4407\hotspot\src\share\vm\prims\jni.cpp, line 709]
Event: 3.158 Thread 0x000000001f2e7800 Exception <a 'java/io/FileNotFoundException'> (0x000000076bae4cf0) thrown at [C:\re\workspace\8-2-build-windows-amd64-cygwin\jdk8u60\4407\hotspot\src\share\vm\prims\jni.cpp, line 709]
Event: 3.159 Thread 0x000000001f2e7800 Exception <a 'java/io/FileNotFoundException'> (0x000000076baea450) thrown at [C:\re\workspace\8-2-build-windows-amd64-cygwin\jdk8u60\4407\hotspot\src\share\vm\prims\jni.cpp, line 709]
Event: 3.159 Thread 0x000000001f2e7800 Exception <a 'java/io/FileNotFoundException'> (0x000000076baeb2f8) thrown at [C:\re\workspace\8-2-build-windows-amd64-cygwin\jdk8u60\4407\hotspot\src\share\vm\prims\jni.cpp, line 709]
Event: 3.179 Thread 0x000000001f2e7800 Exception <a 'java/io/FileNotFoundException'> (0x000000076bc6fe98) thrown at [C:\re\workspace\8-2-build-windows-amd64-cygwin\jdk8u60\4407\hotspot\src\share\vm\prims\jni.cpp, line 709]
Event: 3.179 Thread 0x000000001f2e7800 Exception <a 'java/io/FileNotFoundException'> (0x000000076bc70f40) thrown at [C:\re\workspace\8-2-build-windows-amd64-cygwin\jdk8u60\4407\hotspot\src\share\vm\prims\jni.cpp, line 709]
Event: 3.179 Thread 0x000000001f2e7800 Exception <a 'java/io/FileNotFoundException'> (0x000000076bc72080) thrown at [C:\re\workspace\8-2-build-windows-amd64-cygwin\jdk8u60\4407\hotspot\src\share\vm\prims\jni.cpp, line 709]
Event: 3.179 Thread 0x000000001f2e7800 Exception <a 'java/io/FileNotFoundException'> (0x000000076bc73110) thrown at [C:\re\workspace\8-2-build-windows-amd64-cygwin\jdk8u60\4407\hotspot\src\share\vm\prims\jni.cpp, line 709]

Events (10 events):
Event: 14.681 loading class java/util/IdentityHashMap$KeySet
Event: 14.682 loading class java/util/IdentityHashMap$KeySet done
Event: 14.682 loading class java/util/IdentityHashMap$KeyIterator
Event: 14.682 loading class java/util/IdentityHashMap$IdentityHashMapIterator
Event: 14.682 loading class java/util/IdentityHashMap$IdentityHashMapIterator done
Event: 14.682 loading class java/util/IdentityHashMap$KeyIterator done
Event: 14.682 Thread 0x00000000261dd000 Thread added: 0x00000000261dd000
Event: 14.683 Thread 0x00000000261dd000 Thread exited: 0x00000000261dd000
Event: 14.684 Thread 0x000000001e2e9800 Thread exited: 0x000000001e2e9800
Event: 14.684 Thread 0x00000000261d8000 Thread exited: 0x00000000261d8000


Dynamic libraries:
0x00007ff6df760000 - 0x00007ff6df797000 	C:\Program Files\Java\jdk1.8.0_60\jre\bin\java.exe
0x00007ff99e8f0000 - 0x00007ff99eac1000 	C:\WINDOWS\SYSTEM32\ntdll.dll
0x00007ff99e6a0000 - 0x00007ff99e74b000 	C:\WINDOWS\System32\KERNEL32.DLL
0x00007ff99b6e0000 - 0x00007ff99b8fd000 	C:\WINDOWS\System32\KERNELBASE.dll
0x00007ff99e5f0000 - 0x00007ff99e692000 	C:\WINDOWS\System32\ADVAPI32.dll
0x00007ff99e7f0000 - 0x00007ff99e88e000 	C:\WINDOWS\System32\msvcrt.dll
0x00007ff99e890000 - 0x00007ff99e8e9000 	C:\WINDOWS\System32\sechost.dll
0x00007ff99c540000 - 0x00007ff99c661000 	C:\WINDOWS\System32\RPCRT4.dll
0x00007ff99e470000 - 0x00007ff99e5d5000 	C:\WINDOWS\System32\USER32.dll
0x00007ff99ade0000 - 0x00007ff99adfe000 	C:\WINDOWS\System32\win32u.dll
0x00007ff99e7b0000 - 0x00007ff99e7e4000 	C:\WINDOWS\System32\GDI32.dll
0x00007ff99b970000 - 0x00007ff99baf2000 	C:\WINDOWS\System32\gdi32full.dll
0x00007ff98be10000 - 0x00007ff98c089000 	C:\WINDOWS\WinSxS\amd64_microsoft.windows.common-controls_6595b64144ccf1df_6.0.14393.447_none_42191651c6827bb3\COMCTL32.dll
0x00007ff99c260000 - 0x00007ff99c527000 	C:\WINDOWS\System32\combase.dll
0x00007ff99bd80000 - 0x00007ff99be75000 	C:\WINDOWS\System32\ucrtbase.dll
0x00007ff99b900000 - 0x00007ff99b96a000 	C:\WINDOWS\System32\bcryptPrimitives.dll
0x00007ff99e230000 - 0x00007ff99e25e000 	C:\WINDOWS\System32\IMM32.DLL
0x000000006f690000 - 0x000000006f762000 	C:\Program Files\Java\jdk1.8.0_60\jre\bin\msvcr100.dll
0x000000006f770000 - 0x000000006fff9000 	C:\Program Files\Java\jdk1.8.0_60\jre\bin\server\jvm.dll
0x00007ff99c130000 - 0x00007ff99c138000 	C:\WINDOWS\System32\PSAPI.DLL
0x00007ff9976e0000 - 0x00007ff9976e9000 	C:\WINDOWS\SYSTEM32\WSOCK32.dll
0x00007ff998ce0000 - 0x00007ff998d03000 	C:\WINDOWS\SYSTEM32\WINMM.dll
0x00007ff99bf20000 - 0x00007ff99bf8a000 	C:\WINDOWS\System32\WS2_32.dll
0x00007ff9973e0000 - 0x00007ff9973ea000 	C:\WINDOWS\SYSTEM32\VERSION.dll
0x00007ff998b20000 - 0x00007ff998b4b000 	C:\WINDOWS\SYSTEM32\WINMMBASE.dll
0x00007ff99ae00000 - 0x00007ff99ae42000 	C:\WINDOWS\System32\cfgmgr32.dll
0x000000006f640000 - 0x000000006f64f000 	C:\Program Files\Java\jdk1.8.0_60\jre\bin\verify.dll
0x000000006f610000 - 0x000000006f639000 	C:\Program Files\Java\jdk1.8.0_60\jre\bin\java.dll
0x000000006f1e0000 - 0x000000006f215000 	C:\Program Files\Java\jdk1.8.0_60\jre\bin\jdwp.dll
0x000000006f2e0000 - 0x000000006f2e8000 	C:\Program Files\Java\jdk1.8.0_60\jre\bin\npt.dll
0x000000006f5f0000 - 0x000000006f606000 	C:\Program Files\Java\jdk1.8.0_60\jre\bin\zip.dll
0x00007ff99cd00000 - 0x00007ff99e209000 	C:\WINDOWS\System32\SHELL32.dll
0x00007ff99b000000 - 0x00007ff99b6da000 	C:\WINDOWS\System32\windows.storage.dll
0x00007ff99ad90000 - 0x00007ff99addc000 	C:\WINDOWS\System32\powrprof.dll
0x00007ff99c140000 - 0x00007ff99c192000 	C:\WINDOWS\System32\shlwapi.dll
0x00007ff99ad50000 - 0x00007ff99ad5f000 	C:\WINDOWS\System32\kernel.appcore.dll
0x00007ff99bcd0000 - 0x00007ff99bd79000 	C:\WINDOWS\System32\shcore.dll
0x00007ff99ad70000 - 0x00007ff99ad84000 	C:\WINDOWS\System32\profapi.dll
0x000000006f320000 - 0x000000006f32b000 	C:\Program Files\Java\jdk1.8.0_60\jre\bin\dt_shmem.dll
0x00007ff98f690000 - 0x00007ff98f77f000 	C:\Program Files\Java\jdk1.8.0_60\jre\bin\msvcr120.dll
0x00007ff98e9c0000 - 0x00007ff98ea66000 	C:\Program Files\Java\jdk1.8.0_60\jre\bin\msvcp120.dll
0x000000006f1b0000 - 0x000000006f1d3000 	C:\Program Files\Java\jdk1.8.0_60\jre\bin\prism_d3d.dll
0x00007ff9758e0000 - 0x00007ff975a6d000 	C:\WINDOWS\system32\d3d9.dll
0x00007ff998930000 - 0x00007ff998956000 	C:\WINDOWS\SYSTEM32\dwmapi.dll
0x00007ff9994e0000 - 0x00007ff999575000 	C:\WINDOWS\system32\uxtheme.dll
0x00007ff9620d0000 - 0x00007ff964605000 	C:\WINDOWS\SYSTEM32\igdumdim64.dll
0x00007ff99c770000 - 0x00007ff99cb99000 	C:\WINDOWS\System32\SETUPAPI.dll
0x00007ff99c1a0000 - 0x00007ff99c25f000 	C:\WINDOWS\System32\OLEAUT32.dll
0x00007ff99af60000 - 0x00007ff99affc000 	C:\WINDOWS\System32\msvcp_win.dll
0x00007ff99e260000 - 0x00007ff99e397000 	C:\WINDOWS\System32\ole32.dll
0x000000006f160000 - 0x000000006f1a3000 	C:\Program Files\Java\jdk1.8.0_60\jre\bin\glass.dll
0x00007ff99c670000 - 0x00007ff99c76a000 	C:\WINDOWS\System32\COMDLG32.dll
0x00007ff99cba0000 - 0x00007ff99ccfb000 	C:\WINDOWS\System32\MSCTF.dll
0x00007ff993e20000 - 0x00007ff994c90000 	C:\WINDOWS\SYSTEM32\igc64.dll
0x000000006f140000 - 0x000000006f154000 	C:\Program Files\Java\jdk1.8.0_60\jre\bin\javafx_font.dll
0x00007ff98df50000 - 0x00007ff98e1b9000 	C:\WINDOWS\SYSTEM32\dwrite.dll
0x000000006cbb0000 - 0x000000006f13d000 	C:\Program Files\Java\jdk1.8.0_60\jre\bin\jfxwebkit.dll
0x00007ff99a7c0000 - 0x00007ff99a7d7000 	C:\WINDOWS\SYSTEM32\CRYPTSP.dll
0x00007ff99a6d0000 - 0x00007ff99a703000 	C:\WINDOWS\system32\rsaenh.dll
0x00007ff99ac90000 - 0x00007ff99acbb000 	C:\WINDOWS\SYSTEM32\bcrypt.dll
0x00007ff99ac80000 - 0x00007ff99ac8b000 	C:\WINDOWS\SYSTEM32\CRYPTBASE.dll
0x000000006f5d0000 - 0x000000006f5ea000 	C:\Program Files\Java\jdk1.8.0_60\jre\bin\net.dll
0x00007ff99a550000 - 0x00007ff99a5ac000 	C:\WINDOWS\system32\mswsock.dll
0x000000006f5b0000 - 0x000000006f5c1000 	C:\Program Files\Java\jdk1.8.0_60\jre\bin\nio.dll
0x00007ff99be80000 - 0x00007ff99bf1f000 	C:\WINDOWS\System32\clbcatq.dll
0x00007ff9976f0000 - 0x00007ff997898000 	C:\WINDOWS\SYSTEM32\WindowsCodecs.dll
0x000000006c9b0000 - 0x000000006c9d3000 	C:\Program Files\Java\jdk1.8.0_60\jre\bin\javafx_iio.dll
0x000000006c990000 - 0x000000006c9a1000 	C:\Program Files\Java\jdk1.8.0_60\jre\bin\prism_common.dll

VM Arguments:
jvm_args: -Xdebug -Xrunjdwp:transport=dt_shmem,address=javadebug -Dglass.disableGrab=true -Dfile.encoding=UTF-8 
java_command: D:\Software Engineering\Projects\Final Project Preliminary Work\SecondDemo\dist\run109078277\SecondDemo.jar
java_class_path (initial): D:\Software Engineering\Projects\Final Project Preliminary Work\SecondDemo\dist\run109078277\SecondDemo.jar
Launcher Type: SUN_STANDARD

Environment Variables:
PATH=D:\app\DR3\product\12.1.0\dbhome_4\bin;D:\app\DR3\product\12.1.0\dbhome_3\bin;D:\app\DR3\product\12.1.0\dbhome_2\bin;D:\app\DR3\product\12.1.0\dbhome_1\bin;C:\oraclexe\app\oracle\product\11.2.0\server\bin;C:\ProgramData\Oracle\Java\javapath;C:\Program Files (x86)\Intel\iCLS Client\;C:\Program Files\Intel\iCLS Client\;C:\Windows\system32;C:\Windows;C:\Windows\System32\Wbem;C:\Windows\System32\WindowsPowerShell\v1.0\;C:\Program Files (x86)\NVIDIA Corporation\PhysX\Common;C:\WINDOWS\system32;C:\WINDOWS;C:\WINDOWS\System32\Wbem;C:\WINDOWS\System32\WindowsPowerShell\v1.0\;C:\WINDOWS\system32\config\systemprofile\.dnx\bin;C:\Program Files\Microsoft DNX\Dnvm\;C:\Program Files\Microsoft SQL Server\120\Tools\Binn\;C:\Program Files (x86)\Windows Kits\10\Windows Performance Toolkit\;C:\Program Files (x86)\nodejs\;C:\Program Files (x86)\Intel\Intel(R) Management Engine Components\DAL;C:\Program Files\Intel\Intel(R) Management Engine Components\DAL;C:\Program Files (x86)\Intel\Intel(R) Management Engine Components\IPT;C:\Program Files\Intel\Intel(R) Management Engine Components\IPT;C:\Program Files (x86)\GmoteServer\bin\vlc;C:\Users\DR3\AppData\Roaming\npm;C:\GNUstep\bin;C:\GNUstep\GNUstep\System\Tools;C:\Users\DR3\AppData\Local\Microsoft\WindowsApps;
USERNAME=DR3
OS=Windows_NT
PROCESSOR_IDENTIFIER=Intel64 Family 6 Model 94 Stepping 3, GenuineIntel



---------------  S Y S T E M  ---------------

OS: Windows 10.0 , 64 bit Build 14393 (10.0.14393.0)

CPU:total 8 (4 cores per cpu, 2 threads per core) family 6 model 94 stepping 3, cmov, cx8, fxsr, mmx, sse, sse2, sse3, ssse3, sse4.1, sse4.2, popcnt, avx, avx2, aes, clmul, erms, rtm, 3dnowpref, lzcnt, ht, tsc, tscinvbit, bmi1, bmi2, adx

Memory: 4k page, physical 16641260k(12046464k free), swap 19131628k(13554828k free)

vm_info: Java HotSpot(TM) 64-Bit Server VM (25.60-b23) for windows-amd64 JRE (1.8.0_60-b27), built on Aug  4 2015 11:06:27 by "java_re" with MS VC++ 10.0 (VS2010)

time: Tue Nov 15 09:47:21 2016
elapsed time: 14 seconds (0d 0h 0m 14s)

